[General]
FirstMinTempSavedOn=45299

[HDR]
Kingston SA400S37/512G (488382 MB)_YS20231005410332=968

[HDW]
Kingston SA400S37/512G (488382 MB)_YS20231005410332=145
WDC WDS120G1G0B-00RC30 (114470 MB)_165191431696=1

[Sta_Kingston SA400S37/512G (488382 MB)_YS20231005410332]
45299=40,40.00,3,100,40,-1
MaxTempEverC=40
MaxTempEverCFound=45299.73721,08-Jan-24 5:41:34 PM
MinTempEverC=40
MinTempEverCFound=45299.73721,08-Jan-24 5:41:34 PM
MaxTempByDriveC=40
Dates=45299,45303
45303=40,40.00,1,100,0,-1

[Sta_WDC WDS120G1G0B-00RC30 (114470 MB)_165191431696]
45299=40,40.00,3,88,40,19790848
MaxTempEverC=43
MaxTempEverCFound=45303.36660,12-Jan-24 8:47:54 AM
MinTempEverC=40
MinTempEverCFound=45299.73721,08-Jan-24 5:41:34 PM
MaxTempByDriveC=65
Dates=45299,45303
45303=43,43.00,1,88,0,19791872

[Sta_ST500DM002-1BD142 (476937 MB)_S2AKNQTV]
45299=35,34.67,3,100,34,-1
MaxTempEverC=36
MaxTempEverCFound=45303.36660,12-Jan-24 8:47:54 AM
MinTempEverC=34
MinTempEverCFound=45299.73721,08-Jan-24 5:41:34 PM
MaxTempByDriveC=55
Dates=45299,45303
45303=36,36.00,1,100,0,-1

[CurrentDrives]
DriveList=#0: Kingston SA400S37/512G / YS20231005410332 (488382 MB)	#1: WDC WDS120G1G0B-00RC30 / 165191431696 (114470 MB)	#2: ST500DM002-1BD142 / S2AKNQTV (476937 MB)

